flutter_google_map/build/app/intermediates/manifest_merge_blame_file/release/manifest-merger-blame-release-report.txt
1<?xml version="1.0" encoding="utf-8"?>
2<manifest xmlns:android="http://schemas.android.com/apk/res/android"
3    package="com.example.flutter_google_map"
4    android:versionCode="1"
5    android:versionName="1.0.1--build-number=1" >
6
7    <uses-sdk
8        android:minSdkVersion="21"
8-->src\main\AndroidManifest.xml
9        android:targetSdkVersion="30" />
9-->src\main\AndroidManifest.xml
10
11    <uses-permission android:name="android.permission.INTERNET" />
11-->src\main\AndroidManifest.xml:38:5-66
11-->src\main\AndroidManifest.xml:38:22-64
12    <!-- Include required permissions for Google Maps API to run. -->
13    <uses-permission android:name="android.permission.ACCESS_NETWORK_STATE" />
13-->[com.google.android.gms:play-services-maps:17.0.0] AndroidManifest.xml:23:5-79
13-->[com.google.android.gms:play-services-maps:17.0.0] AndroidManifest.xml:23:22-76
14
15    <uses-feature
15-->[com.google.android.gms:play-services-maps:17.0.0] AndroidManifest.xml:26:5-28:35
16        android:glEsVersion="0x00020000"
16-->[com.google.android.gms:play-services-maps:17.0.0] AndroidManifest.xml:27:9-41
17        android:required="true" />
17-->[com.google.android.gms:play-services-maps:17.0.0] AndroidManifest.xml:28:9-32
18
19    <application
19-->src\main\AndroidManifest.xml:4:4-37:19
20        android:appComponentFactory="androidx.core.app.CoreComponentFactory"
20-->[androidx.core:core:1.1.0] AndroidManifest.xml:24:18-86
21        android:icon="@mipmap/ic_launcher"
21-->src\main\AndroidManifest.xml:6:9-43
22        android:label="Barceloway" >
22-->src\main\AndroidManifest.xml:5:9-35
23        <meta-data
23-->src\main\AndroidManifest.xml:7:9-8:73
24            android:name="com.google.android.geo.API_KEY"
24-->src\main\AndroidManifest.xml:7:20-65
25            android:value="AIzaSyCWXMCI7bOXuAU6I2ivyLZ0-25MD7aXbUw" />
25-->src\main\AndroidManifest.xml:8:16-71
26
27        <activity
27-->src\main\AndroidManifest.xml:9:9-32:20
28            android:name="com.example.flutter_google_map.MainActivity"
28-->src\main\AndroidManifest.xml:10:13-41
29            android:configChanges="orientation|keyboardHidden|keyboard|screenSize|smallestScreenSize|locale|layoutDirection|fontScale|screenLayout|density|uiMode"
29-->src\main\AndroidManifest.xml:13:13-163
30            android:hardwareAccelerated="true"
30-->src\main\AndroidManifest.xml:14:13-47
31            android:launchMode="singleTop"
31-->src\main\AndroidManifest.xml:11:13-43
32            android:theme="@style/LaunchTheme"
32-->src\main\AndroidManifest.xml:12:13-47
33            android:windowSoftInputMode="adjustResize" >
33-->src\main\AndroidManifest.xml:15:13-55
34            <meta-data
34-->src\main\AndroidManifest.xml:17:13-20:17
35                android:name="io.flutter.embedding.android.NormalTheme"
35-->src\main\AndroidManifest.xml:18:15-70
36                android:resource="@style/NormalTheme" />
36-->src\main\AndroidManifest.xml:19:15-52
37            <meta-data
37-->src\main\AndroidManifest.xml:22:13-25:17
38                android:name="io.flutter.embedding.android.SplashScreenDrawable"
38-->src\main\AndroidManifest.xml:23:15-79
39                android:resource="@drawable/launch_background" />
39-->src\main\AndroidManifest.xml:24:15-61
40
41            <intent-filter>
41-->src\main\AndroidManifest.xml:26:13-29:29
42                <action android:name="android.intent.action.MAIN" />
42-->src\main\AndroidManifest.xml:27:17-68
42-->src\main\AndroidManifest.xml:27:25-66
43
44                <category android:name="android.intent.category.LAUNCHER" />
44-->src\main\AndroidManifest.xml:28:17-76
44-->src\main\AndroidManifest.xml:28:27-74
45            </intent-filter>
46        </activity>
47
48        <meta-data
48-->src\main\AndroidManifest.xml:34:9-36:33
49            android:name="flutterEmbedding"
49-->src\main\AndroidManifest.xml:35:13-44
50            android:value="2" />
50-->src\main\AndroidManifest.xml:36:13-30
51
52        <activity
52-->[:url_launcher] AndroidManifest.xml:8:9-11:74
53            android:name="io.flutter.plugins.urllauncher.WebViewActivity"
53-->[:url_launcher] AndroidManifest.xml:9:13-74
54            android:exported="false"
54-->[:url_launcher] AndroidManifest.xml:10:13-37
55            android:theme="@android:style/Theme.NoTitleBar.Fullscreen" /> <!-- Needs to be explicitly declared on P+ -->
55-->[:url_launcher] AndroidManifest.xml:11:13-71
56        <uses-library
56-->[com.google.android.gms:play-services-maps:17.0.0] AndroidManifest.xml:33:9-35:40
57            android:name="org.apache.http.legacy"
57-->[com.google.android.gms:play-services-maps:17.0.0] AndroidManifest.xml:34:13-50
58            android:required="false" />
58-->[com.google.android.gms:play-services-maps:17.0.0] AndroidManifest.xml:35:13-37
59
60        <activity
60-->[com.google.android.gms:play-services-base:17.0.0] AndroidManifest.xml:23:9-26:75
61            android:name="com.google.android.gms.common.api.GoogleApiActivity"
61-->[com.google.android.gms:play-services-base:17.0.0] AndroidManifest.xml:24:13-79
62            android:exported="false"
62-->[com.google.android.gms:play-services-base:17.0.0] AndroidManifest.xml:25:13-37
63            android:theme="@android:style/Theme.Translucent.NoTitleBar" />
63-->[com.google.android.gms:play-services-base:17.0.0] AndroidManifest.xml:26:13-72
64
65        <meta-data
65-->[com.google.android.gms:play-services-basement:17.0.0] AndroidManifest.xml:23:9-25:69
66            android:name="com.google.android.gms.version"
66-->[com.google.android.gms:play-services-basement:17.0.0] AndroidManifest.xml:24:13-58
67            android:value="@integer/google_play_services_version" />
67-->[com.google.android.gms:play-services-basement:17.0.0] AndroidManifest.xml:25:13-66
68    </application>
69
70</manifest>